2020-04-06 17:46:47,506 INFO o.a.j.u.JMeterUtils: Setting Locale to en_GB
2020-04-06 17:46:47,574 INFO o.a.j.JMeter: Loading user properties from: /Users/giles/apache-jmeter-5.2.1/bin/user.properties
2020-04-06 17:46:47,613 INFO o.a.j.JMeter: Loading system properties from: /Users/giles/apache-jmeter-5.2.1/bin/system.properties
2020-04-06 17:46:47,615 INFO o.a.j.JMeter: Copyright (c) 1998-2019 The Apache Software Foundation
2020-04-06 17:46:47,615 INFO o.a.j.JMeter: Version 5.2.1
2020-04-06 17:46:47,615 INFO o.a.j.JMeter: java.version=1.8.0_241
2020-04-06 17:46:47,615 INFO o.a.j.JMeter: java.vm.name=Java HotSpot(TM) 64-Bit Server VM
2020-04-06 17:46:47,615 INFO o.a.j.JMeter: os.name=Mac OS X
2020-04-06 17:46:47,616 INFO o.a.j.JMeter: os.arch=x86_64
2020-04-06 17:46:47,616 INFO o.a.j.JMeter: os.version=10.15.4
2020-04-06 17:46:47,616 INFO o.a.j.JMeter: file.encoding=UTF-8
2020-04-06 17:46:47,616 INFO o.a.j.JMeter: java.awt.headless=null
2020-04-06 17:46:47,616 INFO o.a.j.JMeter: Max memory     =3817865216
2020-04-06 17:46:47,616 INFO o.a.j.JMeter: Available Processors =8
2020-04-06 17:46:47,622 INFO o.a.j.JMeter: Default Locale=English (United Kingdom)
2020-04-06 17:46:47,622 INFO o.a.j.JMeter: JMeter  Locale=English (United Kingdom)
2020-04-06 17:46:47,623 INFO o.a.j.JMeter: JMeterHome=/Users/giles/apache-jmeter-5.2.1
2020-04-06 17:46:47,623 INFO o.a.j.JMeter: user.dir  =/Users/giles/ssl-wmq-camel-sqs-broker/iac/main
2020-04-06 17:46:47,623 INFO o.a.j.JMeter: PWD       =/Users/giles/ssl-wmq-camel-sqs-broker/iac/main
2020-04-06 17:46:47,624 INFO o.a.j.JMeter: IP: 127.0.0.1 Name: Giless-MacBook-Pro.local FullName: localhost
2020-04-06 17:46:50,002 INFO o.a.j.g.a.LookAndFeelCommand: Installing Darcula LAF
2020-04-06 17:46:50,023 INFO o.a.j.g.a.LookAndFeelCommand: Using look and feel: com.bulenkov.darcula.DarculaLaf [Darcula]
2020-04-06 17:46:50,023 INFO o.a.j.JMeter: Setting LAF to: com.bulenkov.darcula.DarculaLaf
2020-04-06 17:46:50,127 INFO o.a.j.JMeter: Loaded icon properties from org/apache/jmeter/images/icon.properties
2020-04-06 17:46:52,349 INFO o.a.j.p.h.s.HTTPSamplerBase: Parser for text/html is org.apache.jmeter.protocol.http.parser.LagartoBasedHtmlParser
2020-04-06 17:46:52,350 INFO o.a.j.p.h.s.HTTPSamplerBase: Parser for application/xhtml+xml is org.apache.jmeter.protocol.http.parser.LagartoBasedHtmlParser
2020-04-06 17:46:52,350 INFO o.a.j.p.h.s.HTTPSamplerBase: Parser for application/xml is org.apache.jmeter.protocol.http.parser.LagartoBasedHtmlParser
2020-04-06 17:46:52,350 INFO o.a.j.p.h.s.HTTPSamplerBase: Parser for text/xml is org.apache.jmeter.protocol.http.parser.LagartoBasedHtmlParser
2020-04-06 17:46:52,350 INFO o.a.j.p.h.s.HTTPSamplerBase: Parser for text/vnd.wap.wml is org.apache.jmeter.protocol.http.parser.RegexpHTMLParser
2020-04-06 17:46:52,350 INFO o.a.j.p.h.s.HTTPSamplerBase: Parser for text/css is org.apache.jmeter.protocol.http.parser.CssParser
2020-04-06 17:46:52,680 INFO o.a.j.e.KeyToolUtils: keytool found at 'keytool'
2020-04-06 17:46:52,681 INFO o.a.j.p.h.p.ProxyControl: HTTP(S) Test Script Recorder SSL Proxy will use keys that support embedded 3rd party resources in file /Users/giles/apache-jmeter-5.2.1/bin/proxyserver.jks
2020-04-06 17:46:52,819 INFO o.a.j.s.FileServer: Default base='/Users/giles/ssl-wmq-camel-sqs-broker/iac/main'
2020-04-06 17:46:53,092 INFO o.a.j.s.SampleResult: Note: Sample TimeStamps are START times
2020-04-06 17:46:53,093 INFO o.a.j.s.SampleResult: sampleresult.default.encoding is set to ISO-8859-1
2020-04-06 17:46:53,093 INFO o.a.j.s.SampleResult: sampleresult.useNanoTime=true
2020-04-06 17:46:53,093 INFO o.a.j.s.SampleResult: sampleresult.nanoThreadSleep=5000
2020-04-06 17:47:26,291 INFO o.a.j.g.a.Load: Loading file: /Users/giles/ssl-wmq-camel-sqs-broker/iac/main/test/REST API Load Test.jmx
2020-04-06 17:47:26,292 INFO o.a.j.s.FileServer: Set new base='/Users/giles/ssl-wmq-camel-sqs-broker/iac/main/test'
2020-04-06 17:47:26,450 INFO o.a.j.s.SaveService: Testplan (JMX) version: 2.2. Testlog (JTL) version: 2.2
2020-04-06 17:47:26,479 INFO o.a.j.s.SaveService: Using SaveService properties file encoding UTF-8
2020-04-06 17:47:26,481 INFO o.a.j.s.SaveService: Using SaveService properties version 5.0
2020-04-06 17:47:26,484 INFO o.a.j.s.SaveService: Loading file: /Users/giles/ssl-wmq-camel-sqs-broker/iac/main/test/REST API Load Test.jmx
2020-04-06 17:47:26,657 INFO o.a.j.s.FileServer: Set new base='/Users/giles/ssl-wmq-camel-sqs-broker/iac/main/test'
2020-04-06 17:48:03,800 INFO o.a.j.e.StandardJMeterEngine: Running the test!
2020-04-06 17:48:03,801 INFO o.a.j.s.SampleEvent: List of sample_variables: []
2020-04-06 17:48:03,802 INFO o.a.j.s.SampleEvent: List of sample_variables: []
2020-04-06 17:48:03,803 INFO o.a.j.e.u.CompoundVariable: Note: Function class names must contain the string: '.functions.'
2020-04-06 17:48:03,803 INFO o.a.j.e.u.CompoundVariable: Note: Function class names must not contain the string: '.gui.'
2020-04-06 17:48:04,099 INFO o.a.j.g.u.JMeterMenuBar: setRunning(true, *local*)
2020-04-06 17:48:04,272 INFO o.a.j.e.StandardJMeterEngine: Starting ThreadGroup: 1 : Thread Group
2020-04-06 17:48:04,272 INFO o.a.j.e.StandardJMeterEngine: Starting 25 threads for group Thread Group.
2020-04-06 17:48:04,272 INFO o.a.j.e.StandardJMeterEngine: Thread will continue on error
2020-04-06 17:48:04,272 INFO o.a.j.t.ThreadGroup: Starting thread group... number=1 threads=25 ramp-up=1 delayedStart=false
2020-04-06 17:48:04,277 INFO o.a.j.t.JMeterThread: Thread started: Thread Group 1-1
2020-04-06 17:48:04,288 INFO o.a.j.t.ThreadGroup: Started thread group number 1
2020-04-06 17:48:04,288 INFO o.a.j.e.StandardJMeterEngine: All thread groups have been started
2020-04-06 17:48:04,295 INFO o.a.j.p.h.s.HTTPHCAbstractImpl: Local host = Giless-MacBook-Pro.local
2020-04-06 17:48:04,302 INFO o.a.j.p.h.s.HTTPHC4Impl: HTTP request retry count = 0
2020-04-06 17:48:04,313 INFO o.a.j.t.JMeterThread: Thread started: Thread Group 1-2
2020-04-06 17:48:04,356 INFO o.a.j.t.JMeterThread: Thread started: Thread Group 1-3
2020-04-06 17:48:04,397 INFO o.a.j.t.JMeterThread: Thread started: Thread Group 1-4
2020-04-06 17:48:04,437 INFO o.a.j.t.JMeterThread: Thread started: Thread Group 1-5
2020-04-06 17:48:04,456 INFO o.a.j.p.h.s.h.LazyLayeredConnectionSocketFactory: Setting up HTTPS TrustAll Socket Factory
2020-04-06 17:48:04,461 INFO o.a.j.u.JsseSSLManager: Using default SSL protocol: TLS
2020-04-06 17:48:04,462 INFO o.a.j.u.JsseSSLManager: SSL session context: per-thread
2020-04-06 17:48:04,478 INFO o.a.j.t.JMeterThread: Thread started: Thread Group 1-6
2020-04-06 17:48:04,517 INFO o.a.j.t.JMeterThread: Thread started: Thread Group 1-7
2020-04-06 17:48:04,556 INFO o.a.j.t.JMeterThread: Thread started: Thread Group 1-8
2020-04-06 17:48:04,597 INFO o.a.j.t.JMeterThread: Thread started: Thread Group 1-9
2020-04-06 17:48:04,637 INFO o.a.j.t.JMeterThread: Thread started: Thread Group 1-10
2020-04-06 17:48:04,672 INFO o.a.j.t.JMeterThread: Thread started: Thread Group 1-11
2020-04-06 17:48:04,713 INFO o.a.j.t.JMeterThread: Thread started: Thread Group 1-12
2020-04-06 17:48:04,736 INFO o.a.j.u.SSLManager: JmeterKeyStore Location:  type JKS
2020-04-06 17:48:04,737 INFO o.a.j.u.SSLManager: KeyStore created OK
2020-04-06 17:48:04,737 WARN o.a.j.u.SSLManager: Keystore file not found, loading empty keystore
2020-04-06 17:48:04,754 INFO o.a.j.t.JMeterThread: Thread started: Thread Group 1-13
2020-04-06 17:48:04,797 INFO o.a.j.t.JMeterThread: Thread started: Thread Group 1-14
2020-04-06 17:48:04,837 INFO o.a.j.t.JMeterThread: Thread started: Thread Group 1-15
2020-04-06 17:48:04,875 INFO o.a.j.t.JMeterThread: Thread started: Thread Group 1-16
2020-04-06 17:48:04,921 INFO o.a.j.t.JMeterThread: Thread started: Thread Group 1-17
2020-04-06 17:48:04,957 INFO o.a.j.t.JMeterThread: Thread started: Thread Group 1-18
2020-04-06 17:48:04,997 INFO o.a.j.t.JMeterThread: Thread started: Thread Group 1-19
2020-04-06 17:48:05,037 INFO o.a.j.t.JMeterThread: Thread started: Thread Group 1-20
2020-04-06 17:48:05,074 INFO o.a.j.t.JMeterThread: Thread started: Thread Group 1-21
2020-04-06 17:48:05,112 INFO o.a.j.t.JMeterThread: Thread started: Thread Group 1-22
2020-04-06 17:48:05,155 INFO o.a.j.t.JMeterThread: Thread started: Thread Group 1-23
2020-04-06 17:48:05,197 INFO o.a.j.t.JMeterThread: Thread started: Thread Group 1-24
2020-04-06 17:48:05,237 INFO o.a.j.t.JMeterThread: Thread started: Thread Group 1-25
2020-04-06 17:48:23,795 INFO o.a.j.g.a.Start: Stopping test
2020-04-06 17:48:23,832 INFO o.a.j.t.JMeterThread: Stopping: Thread Group 1-15
2020-04-06 17:48:23,832 WARN o.a.j.t.JMeterThread: Interrupting: Thread Group 1-15 sampler: REST API Load Test
2020-04-06 17:48:23,835 INFO o.a.j.t.JMeterThread: Stopping: Thread Group 1-18
2020-04-06 17:48:23,835 WARN o.a.j.t.JMeterThread: Interrupting: Thread Group 1-18 sampler: REST API Load Test
2020-04-06 17:48:23,836 INFO o.a.j.t.JMeterThread: Stopping: Thread Group 1-16
2020-04-06 17:48:23,836 WARN o.a.j.t.JMeterThread: Interrupting: Thread Group 1-16 sampler: REST API Load Test
2020-04-06 17:48:23,837 INFO o.a.j.t.JMeterThread: Stopping: Thread Group 1-25
2020-04-06 17:48:23,837 WARN o.a.j.t.JMeterThread: Interrupting: Thread Group 1-25 sampler: REST API Load Test
2020-04-06 17:48:23,839 INFO o.a.j.t.JMeterThread: Stopping: Thread Group 1-7
2020-04-06 17:48:23,839 WARN o.a.j.t.JMeterThread: Interrupting: Thread Group 1-7 sampler: REST API Load Test
2020-04-06 17:48:23,840 INFO o.a.j.t.JMeterThread: Stopping: Thread Group 1-2
2020-04-06 17:48:23,840 WARN o.a.j.t.JMeterThread: Interrupting: Thread Group 1-2 sampler: REST API Load Test
2020-04-06 17:48:23,841 INFO o.a.j.t.JMeterThread: Stopping: Thread Group 1-12
2020-04-06 17:48:23,841 WARN o.a.j.t.JMeterThread: Interrupting: Thread Group 1-12 sampler: REST API Load Test
2020-04-06 17:48:23,842 INFO o.a.j.t.JMeterThread: Thread finished: Thread Group 1-7
2020-04-06 17:48:23,842 INFO o.a.j.t.JMeterThread: Thread finished: Thread Group 1-25
2020-04-06 17:48:23,842 INFO o.a.j.t.JMeterThread: Thread finished: Thread Group 1-15
2020-04-06 17:48:23,842 INFO o.a.j.t.JMeterThread: Thread finished: Thread Group 1-18
2020-04-06 17:48:23,842 INFO o.a.j.t.JMeterThread: Thread finished: Thread Group 1-2
2020-04-06 17:48:23,842 INFO o.a.j.t.JMeterThread: Thread finished: Thread Group 1-16
2020-04-06 17:48:23,843 INFO o.a.j.t.JMeterThread: Stopping: Thread Group 1-3
2020-04-06 17:48:23,843 WARN o.a.j.t.JMeterThread: Interrupting: Thread Group 1-3 sampler: REST API Load Test
2020-04-06 17:48:23,844 INFO o.a.j.t.JMeterThread: Stopping: Thread Group 1-24
2020-04-06 17:48:23,844 INFO o.a.j.t.JMeterThread: Thread finished: Thread Group 1-12
2020-04-06 17:48:23,844 WARN o.a.j.t.JMeterThread: Interrupting: Thread Group 1-24 sampler: REST API Load Test
2020-04-06 17:48:23,845 INFO o.a.j.t.JMeterThread: Stopping: Thread Group 1-22
2020-04-06 17:48:23,845 INFO o.a.j.t.JMeterThread: Thread finished: Thread Group 1-3
2020-04-06 17:48:23,845 WARN o.a.j.t.JMeterThread: Interrupting: Thread Group 1-22 sampler: REST API Load Test
2020-04-06 17:48:23,846 INFO o.a.j.t.JMeterThread: Stopping: Thread Group 1-14
2020-04-06 17:48:23,846 INFO o.a.j.t.JMeterThread: Thread finished: Thread Group 1-24
2020-04-06 17:48:23,846 WARN o.a.j.t.JMeterThread: Interrupting: Thread Group 1-14 sampler: REST API Load Test
2020-04-06 17:48:23,847 INFO o.a.j.t.JMeterThread: Stopping: Thread Group 1-20
2020-04-06 17:48:23,847 WARN o.a.j.t.JMeterThread: Interrupting: Thread Group 1-20 sampler: REST API Load Test
2020-04-06 17:48:23,847 INFO o.a.j.t.JMeterThread: Thread finished: Thread Group 1-22
2020-04-06 17:48:23,848 INFO o.a.j.t.JMeterThread: Stopping: Thread Group 1-21
2020-04-06 17:48:23,848 WARN o.a.j.t.JMeterThread: Interrupting: Thread Group 1-21 sampler: REST API Load Test
2020-04-06 17:48:23,848 INFO o.a.j.t.JMeterThread: Thread finished: Thread Group 1-14
2020-04-06 17:48:23,849 INFO o.a.j.t.JMeterThread: Thread finished: Thread Group 1-20
2020-04-06 17:48:23,849 INFO o.a.j.t.JMeterThread: Stopping: Thread Group 1-23
2020-04-06 17:48:23,849 WARN o.a.j.t.JMeterThread: Interrupting: Thread Group 1-23 sampler: REST API Load Test
2020-04-06 17:48:23,850 INFO o.a.j.t.JMeterThread: Thread finished: Thread Group 1-21
2020-04-06 17:48:23,850 INFO o.a.j.t.JMeterThread: Stopping: Thread Group 1-5
2020-04-06 17:48:23,850 WARN o.a.j.t.JMeterThread: Interrupting: Thread Group 1-5 sampler: REST API Load Test
2020-04-06 17:48:23,851 INFO o.a.j.t.JMeterThread: Thread finished: Thread Group 1-23
2020-04-06 17:48:23,851 INFO o.a.j.t.JMeterThread: Stopping: Thread Group 1-9
2020-04-06 17:48:23,851 WARN o.a.j.t.JMeterThread: Interrupting: Thread Group 1-9 sampler: REST API Load Test
2020-04-06 17:48:23,852 INFO o.a.j.t.JMeterThread: Thread finished: Thread Group 1-5
2020-04-06 17:48:23,852 INFO o.a.j.t.JMeterThread: Stopping: Thread Group 1-17
2020-04-06 17:48:23,852 WARN o.a.j.t.JMeterThread: Interrupting: Thread Group 1-17 sampler: REST API Load Test
2020-04-06 17:48:23,853 INFO o.a.j.t.JMeterThread: Thread finished: Thread Group 1-9
2020-04-06 17:48:23,853 INFO o.a.j.t.JMeterThread: Stopping: Thread Group 1-19
2020-04-06 17:48:23,853 WARN o.a.j.t.JMeterThread: Interrupting: Thread Group 1-19 sampler: REST API Load Test
2020-04-06 17:48:23,854 INFO o.a.j.t.JMeterThread: Thread finished: Thread Group 1-17
2020-04-06 17:48:23,854 INFO o.a.j.t.JMeterThread: Stopping: Thread Group 1-6
2020-04-06 17:48:23,854 WARN o.a.j.t.JMeterThread: Interrupting: Thread Group 1-6 sampler: REST API Load Test
2020-04-06 17:48:23,855 INFO o.a.j.t.JMeterThread: Thread finished: Thread Group 1-19
2020-04-06 17:48:23,855 INFO o.a.j.t.JMeterThread: Stopping: Thread Group 1-11
2020-04-06 17:48:23,855 WARN o.a.j.t.JMeterThread: Interrupting: Thread Group 1-11 sampler: REST API Load Test
2020-04-06 17:48:23,856 INFO o.a.j.t.JMeterThread: Thread finished: Thread Group 1-6
2020-04-06 17:48:23,856 INFO o.a.j.t.JMeterThread: Stopping: Thread Group 1-10
2020-04-06 17:48:23,857 WARN o.a.j.t.JMeterThread: Interrupting: Thread Group 1-10 sampler: REST API Load Test
2020-04-06 17:48:23,857 INFO o.a.j.t.JMeterThread: Stopping: Thread Group 1-8
2020-04-06 17:48:23,857 INFO o.a.j.t.JMeterThread: Thread finished: Thread Group 1-11
2020-04-06 17:48:23,857 WARN o.a.j.t.JMeterThread: Interrupting: Thread Group 1-8 sampler: REST API Load Test
2020-04-06 17:48:23,857 INFO o.a.j.t.JMeterThread: Thread finished: Thread Group 1-10
2020-04-06 17:48:23,858 INFO o.a.j.t.JMeterThread: Stopping: Thread Group 1-4
2020-04-06 17:48:23,858 WARN o.a.j.t.JMeterThread: Interrupting: Thread Group 1-4 sampler: REST API Load Test
2020-04-06 17:48:23,858 INFO o.a.j.t.JMeterThread: Thread finished: Thread Group 1-8
2020-04-06 17:48:23,858 INFO o.a.j.t.JMeterThread: Stopping: Thread Group 1-13
2020-04-06 17:48:23,859 WARN o.a.j.t.JMeterThread: Interrupting: Thread Group 1-13 sampler: REST API Load Test
2020-04-06 17:48:23,859 INFO o.a.j.t.JMeterThread: Thread finished: Thread Group 1-4
2020-04-06 17:48:23,859 INFO o.a.j.t.JMeterThread: Stopping: Thread Group 1-1
2020-04-06 17:48:23,859 WARN o.a.j.t.JMeterThread: Interrupting: Thread Group 1-1 sampler: REST API Load Test
2020-04-06 17:48:23,859 INFO o.a.j.t.JMeterThread: Thread finished: Thread Group 1-13
2020-04-06 17:48:23,860 INFO o.a.j.t.JMeterThread: Thread finished: Thread Group 1-1
2020-04-06 17:48:23,860 INFO o.a.j.e.StandardJMeterEngine: Notifying test listeners of end of test
2020-04-06 17:48:23,861 INFO o.a.j.g.u.JMeterMenuBar: setRunning(false, *local*)
2020-04-06 20:18:36,295 INFO o.a.j.e.StandardJMeterEngine: Running the test!
2020-04-06 20:18:36,299 INFO o.a.j.s.SampleEvent: List of sample_variables: []
2020-04-06 20:18:36,302 INFO o.a.j.g.u.JMeterMenuBar: setRunning(true, *local*)
2020-04-06 20:18:36,592 INFO o.a.j.e.StandardJMeterEngine: Starting ThreadGroup: 1 : Thread Group
2020-04-06 20:18:36,592 INFO o.a.j.e.StandardJMeterEngine: Starting 25 threads for group Thread Group.
2020-04-06 20:18:36,592 INFO o.a.j.e.StandardJMeterEngine: Thread will continue on error
2020-04-06 20:18:36,592 INFO o.a.j.t.ThreadGroup: Starting thread group... number=1 threads=25 ramp-up=1 delayedStart=false
2020-04-06 20:18:36,593 INFO o.a.j.t.JMeterThread: Thread started: Thread Group 1-1
2020-04-06 20:18:36,602 INFO o.a.j.t.ThreadGroup: Started thread group number 1
2020-04-06 20:18:36,603 INFO o.a.j.e.StandardJMeterEngine: All thread groups have been started
2020-04-06 20:18:36,635 INFO o.a.j.t.JMeterThread: Thread started: Thread Group 1-2
2020-04-06 20:18:36,678 INFO o.a.j.t.JMeterThread: Thread started: Thread Group 1-3
2020-04-06 20:18:36,714 INFO o.a.j.t.JMeterThread: Thread started: Thread Group 1-4
2020-04-06 20:18:36,753 INFO o.a.j.t.JMeterThread: Thread started: Thread Group 1-5
2020-04-06 20:18:36,795 INFO o.a.j.t.JMeterThread: Thread started: Thread Group 1-6
2020-04-06 20:18:36,835 INFO o.a.j.t.JMeterThread: Thread started: Thread Group 1-7
2020-04-06 20:18:36,877 INFO o.a.j.t.JMeterThread: Thread started: Thread Group 1-8
2020-04-06 20:18:36,913 INFO o.a.j.t.JMeterThread: Thread started: Thread Group 1-9
2020-04-06 20:18:36,955 INFO o.a.j.t.JMeterThread: Thread started: Thread Group 1-10
2020-04-06 20:18:36,993 INFO o.a.j.t.JMeterThread: Thread started: Thread Group 1-11
2020-04-06 20:18:37,036 INFO o.a.j.t.JMeterThread: Thread started: Thread Group 1-12
2020-04-06 20:18:37,073 INFO o.a.j.t.JMeterThread: Thread started: Thread Group 1-13
2020-04-06 20:18:37,116 INFO o.a.j.t.JMeterThread: Thread started: Thread Group 1-14
2020-04-06 20:18:37,154 INFO o.a.j.t.JMeterThread: Thread started: Thread Group 1-15
2020-04-06 20:18:37,194 INFO o.a.j.t.JMeterThread: Thread started: Thread Group 1-16
2020-04-06 20:18:37,237 INFO o.a.j.t.JMeterThread: Thread started: Thread Group 1-17
2020-04-06 20:18:37,278 INFO o.a.j.t.JMeterThread: Thread started: Thread Group 1-18
2020-04-06 20:18:37,316 INFO o.a.j.t.JMeterThread: Thread started: Thread Group 1-19
2020-04-06 20:18:37,355 INFO o.a.j.t.JMeterThread: Thread started: Thread Group 1-20
2020-04-06 20:18:37,394 INFO o.a.j.t.JMeterThread: Thread started: Thread Group 1-21
2020-04-06 20:18:37,437 INFO o.a.j.t.JMeterThread: Thread started: Thread Group 1-22
2020-04-06 20:18:37,473 INFO o.a.j.t.JMeterThread: Thread started: Thread Group 1-23
2020-04-06 20:18:37,518 INFO o.a.j.t.JMeterThread: Thread started: Thread Group 1-24
2020-04-06 20:18:37,554 INFO o.a.j.t.JMeterThread: Thread started: Thread Group 1-25
2020-04-06 20:18:48,558 INFO o.a.j.t.JMeterThread: Thread is done: Thread Group 1-9
2020-04-06 20:18:48,558 INFO o.a.j.t.JMeterThread: Thread finished: Thread Group 1-9
2020-04-06 20:18:48,612 INFO o.a.j.t.JMeterThread: Thread is done: Thread Group 1-1
2020-04-06 20:18:48,612 INFO o.a.j.t.JMeterThread: Thread finished: Thread Group 1-1
2020-04-06 20:18:49,014 INFO o.a.j.t.JMeterThread: Thread is done: Thread Group 1-10
2020-04-06 20:18:49,014 INFO o.a.j.t.JMeterThread: Thread finished: Thread Group 1-10
2020-04-06 20:18:49,062 INFO o.a.j.t.JMeterThread: Thread is done: Thread Group 1-8
2020-04-06 20:18:49,063 INFO o.a.j.t.JMeterThread: Thread finished: Thread Group 1-8
2020-04-06 20:18:49,161 INFO o.a.j.t.JMeterThread: Thread is done: Thread Group 1-22
2020-04-06 20:18:49,162 INFO o.a.j.t.JMeterThread: Thread finished: Thread Group 1-22
2020-04-06 20:18:49,208 INFO o.a.j.t.JMeterThread: Thread is done: Thread Group 1-11
2020-04-06 20:18:49,208 INFO o.a.j.t.JMeterThread: Thread finished: Thread Group 1-11
2020-04-06 20:18:49,570 INFO o.a.j.t.JMeterThread: Thread is done: Thread Group 1-2
2020-04-06 20:18:49,570 INFO o.a.j.t.JMeterThread: Thread finished: Thread Group 1-2
2020-04-06 20:18:49,720 INFO o.a.j.t.JMeterThread: Thread is done: Thread Group 1-6
2020-04-06 20:18:49,721 INFO o.a.j.t.JMeterThread: Thread finished: Thread Group 1-6
2020-04-06 20:18:49,768 INFO o.a.j.t.JMeterThread: Thread is done: Thread Group 1-17
2020-04-06 20:18:49,768 INFO o.a.j.t.JMeterThread: Thread finished: Thread Group 1-17
2020-04-06 20:18:49,841 INFO o.a.j.t.JMeterThread: Thread is done: Thread Group 1-19
2020-04-06 20:18:49,842 INFO o.a.j.t.JMeterThread: Thread finished: Thread Group 1-19
2020-04-06 20:18:49,963 INFO o.a.j.t.JMeterThread: Thread is done: Thread Group 1-15
2020-04-06 20:18:49,963 INFO o.a.j.t.JMeterThread: Thread finished: Thread Group 1-15
2020-04-06 20:18:50,016 INFO o.a.j.t.JMeterThread: Thread is done: Thread Group 1-12
2020-04-06 20:18:50,016 INFO o.a.j.t.JMeterThread: Thread finished: Thread Group 1-12
2020-04-06 20:18:50,220 INFO o.a.j.t.JMeterThread: Thread is done: Thread Group 1-3
2020-04-06 20:18:50,220 INFO o.a.j.t.JMeterThread: Thread finished: Thread Group 1-3
2020-04-06 20:18:50,364 INFO o.a.j.t.JMeterThread: Thread is done: Thread Group 1-23
2020-04-06 20:18:50,364 INFO o.a.j.t.JMeterThread: Thread finished: Thread Group 1-23
2020-04-06 20:18:50,376 INFO o.a.j.t.JMeterThread: Thread is done: Thread Group 1-4
2020-04-06 20:18:50,376 INFO o.a.j.t.JMeterThread: Thread finished: Thread Group 1-4
2020-04-06 20:18:50,507 INFO o.a.j.t.JMeterThread: Thread is done: Thread Group 1-14
2020-04-06 20:18:50,508 INFO o.a.j.t.JMeterThread: Thread finished: Thread Group 1-14
2020-04-06 20:18:50,613 INFO o.a.j.t.JMeterThread: Thread is done: Thread Group 1-13
2020-04-06 20:18:50,613 INFO o.a.j.t.JMeterThread: Thread finished: Thread Group 1-13
2020-04-06 20:18:50,627 INFO o.a.j.t.JMeterThread: Thread is done: Thread Group 1-16
2020-04-06 20:18:50,627 INFO o.a.j.t.JMeterThread: Thread finished: Thread Group 1-16
2020-04-06 20:18:50,663 INFO o.a.j.t.JMeterThread: Thread is done: Thread Group 1-20
2020-04-06 20:18:50,664 INFO o.a.j.t.JMeterThread: Thread finished: Thread Group 1-20
2020-04-06 20:18:50,695 INFO o.a.j.t.JMeterThread: Thread is done: Thread Group 1-24
2020-04-06 20:18:50,696 INFO o.a.j.t.JMeterThread: Thread finished: Thread Group 1-24
2020-04-06 20:18:50,766 INFO o.a.j.t.JMeterThread: Thread is done: Thread Group 1-18
2020-04-06 20:18:50,766 INFO o.a.j.t.JMeterThread: Thread finished: Thread Group 1-18
2020-04-06 20:18:50,775 INFO o.a.j.t.JMeterThread: Thread is done: Thread Group 1-21
2020-04-06 20:18:50,776 INFO o.a.j.t.JMeterThread: Thread finished: Thread Group 1-21
2020-04-06 20:18:50,788 INFO o.a.j.t.JMeterThread: Thread is done: Thread Group 1-5
2020-04-06 20:18:50,789 INFO o.a.j.t.JMeterThread: Thread finished: Thread Group 1-5
2020-04-06 20:18:50,795 INFO o.a.j.t.JMeterThread: Thread is done: Thread Group 1-25
2020-04-06 20:18:50,795 INFO o.a.j.t.JMeterThread: Thread finished: Thread Group 1-25
2020-04-06 20:18:50,909 INFO o.a.j.t.JMeterThread: Thread is done: Thread Group 1-7
2020-04-06 20:18:50,909 INFO o.a.j.t.JMeterThread: Thread finished: Thread Group 1-7
2020-04-06 20:18:50,910 INFO o.a.j.e.StandardJMeterEngine: Notifying test listeners of end of test
2020-04-06 20:18:50,910 INFO o.a.j.g.u.JMeterMenuBar: setRunning(false, *local*)
2020-04-06 20:19:19,186 INFO o.a.j.e.StandardJMeterEngine: Running the test!
2020-04-06 20:19:19,186 INFO o.a.j.s.SampleEvent: List of sample_variables: []
2020-04-06 20:19:19,187 INFO o.a.j.g.u.JMeterMenuBar: setRunning(true, *local*)
2020-04-06 20:19:19,410 INFO o.a.j.e.StandardJMeterEngine: Starting ThreadGroup: 1 : Thread Group
2020-04-06 20:19:19,410 INFO o.a.j.e.StandardJMeterEngine: Starting 25 threads for group Thread Group.
2020-04-06 20:19:19,410 INFO o.a.j.e.StandardJMeterEngine: Thread will continue on error
2020-04-06 20:19:19,410 INFO o.a.j.t.ThreadGroup: Starting thread group... number=1 threads=25 ramp-up=1 delayedStart=false
2020-04-06 20:19:19,411 INFO o.a.j.t.JMeterThread: Thread started: Thread Group 1-1
2020-04-06 20:19:19,417 INFO o.a.j.t.ThreadGroup: Started thread group number 1
2020-04-06 20:19:19,417 INFO o.a.j.e.StandardJMeterEngine: All thread groups have been started
2020-04-06 20:19:19,454 INFO o.a.j.t.JMeterThread: Thread started: Thread Group 1-2
2020-04-06 20:19:19,491 INFO o.a.j.t.JMeterThread: Thread started: Thread Group 1-3
2020-04-06 20:19:19,532 INFO o.a.j.t.JMeterThread: Thread started: Thread Group 1-4
2020-04-06 20:19:19,570 INFO o.a.j.t.JMeterThread: Thread started: Thread Group 1-5
2020-04-06 20:19:19,613 INFO o.a.j.t.JMeterThread: Thread started: Thread Group 1-6
2020-04-06 20:19:19,654 INFO o.a.j.t.JMeterThread: Thread started: Thread Group 1-7
2020-04-06 20:19:19,692 INFO o.a.j.t.JMeterThread: Thread started: Thread Group 1-8
2020-04-06 20:19:19,732 INFO o.a.j.t.JMeterThread: Thread started: Thread Group 1-9
2020-04-06 20:19:19,771 INFO o.a.j.t.JMeterThread: Thread started: Thread Group 1-10
2020-04-06 20:19:19,814 INFO o.a.j.t.JMeterThread: Thread started: Thread Group 1-11
2020-04-06 20:19:19,854 INFO o.a.j.t.JMeterThread: Thread started: Thread Group 1-12
2020-04-06 20:19:19,890 INFO o.a.j.t.JMeterThread: Thread started: Thread Group 1-13
2020-04-06 20:19:19,931 INFO o.a.j.t.JMeterThread: Thread started: Thread Group 1-14
2020-04-06 20:19:19,971 INFO o.a.j.t.JMeterThread: Thread started: Thread Group 1-15
2020-04-06 20:19:20,014 INFO o.a.j.t.JMeterThread: Thread started: Thread Group 1-16
2020-04-06 20:19:20,053 INFO o.a.j.t.JMeterThread: Thread started: Thread Group 1-17
2020-04-06 20:19:20,090 INFO o.a.j.t.JMeterThread: Thread started: Thread Group 1-18
2020-04-06 20:19:20,134 INFO o.a.j.t.JMeterThread: Thread started: Thread Group 1-19
2020-04-06 20:19:20,171 INFO o.a.j.t.JMeterThread: Thread started: Thread Group 1-20
2020-04-06 20:19:20,211 INFO o.a.j.t.JMeterThread: Thread started: Thread Group 1-21
2020-04-06 20:19:20,255 INFO o.a.j.t.JMeterThread: Thread started: Thread Group 1-22
2020-04-06 20:19:20,295 INFO o.a.j.t.JMeterThread: Thread started: Thread Group 1-23
2020-04-06 20:19:20,336 INFO o.a.j.t.JMeterThread: Thread started: Thread Group 1-24
2020-04-06 20:19:20,371 INFO o.a.j.t.JMeterThread: Thread started: Thread Group 1-25
2020-04-06 20:19:24,665 INFO o.a.j.t.JMeterThread: Thread is done: Thread Group 1-6
2020-04-06 20:19:24,665 INFO o.a.j.t.JMeterThread: Thread finished: Thread Group 1-6
2020-04-06 20:19:24,984 INFO o.a.j.t.JMeterThread: Thread is done: Thread Group 1-2
2020-04-06 20:19:24,985 INFO o.a.j.t.JMeterThread: Thread finished: Thread Group 1-2
2020-04-06 20:19:24,992 INFO o.a.j.t.JMeterThread: Thread is done: Thread Group 1-8
2020-04-06 20:19:24,992 INFO o.a.j.t.JMeterThread: Thread finished: Thread Group 1-8
2020-04-06 20:19:25,347 INFO o.a.j.t.JMeterThread: Thread is done: Thread Group 1-14
2020-04-06 20:19:25,348 INFO o.a.j.t.JMeterThread: Thread finished: Thread Group 1-14
2020-04-06 20:19:25,460 INFO o.a.j.t.JMeterThread: Thread is done: Thread Group 1-7
2020-04-06 20:19:25,461 INFO o.a.j.t.JMeterThread: Thread finished: Thread Group 1-7
2020-04-06 20:19:25,602 INFO o.a.j.t.JMeterThread: Thread is done: Thread Group 1-1
2020-04-06 20:19:25,603 INFO o.a.j.t.JMeterThread: Thread finished: Thread Group 1-1
2020-04-06 20:19:25,817 INFO o.a.j.t.JMeterThread: Thread is done: Thread Group 1-4
2020-04-06 20:19:25,817 INFO o.a.j.t.JMeterThread: Thread is done: Thread Group 1-25
2020-04-06 20:19:25,817 INFO o.a.j.t.JMeterThread: Thread finished: Thread Group 1-4
2020-04-06 20:19:25,818 INFO o.a.j.t.JMeterThread: Thread finished: Thread Group 1-25
2020-04-06 20:19:25,924 INFO o.a.j.t.JMeterThread: Thread is done: Thread Group 1-10
2020-04-06 20:19:25,924 INFO o.a.j.t.JMeterThread: Thread finished: Thread Group 1-10
2020-04-06 20:19:25,938 INFO o.a.j.t.JMeterThread: Thread is done: Thread Group 1-17
2020-04-06 20:19:25,938 INFO o.a.j.t.JMeterThread: Thread finished: Thread Group 1-17
2020-04-06 20:19:26,186 INFO o.a.j.t.JMeterThread: Thread is done: Thread Group 1-21
2020-04-06 20:19:26,186 INFO o.a.j.t.JMeterThread: Thread finished: Thread Group 1-21
2020-04-06 20:19:26,203 INFO o.a.j.t.JMeterThread: Thread is done: Thread Group 1-11
2020-04-06 20:19:26,204 INFO o.a.j.t.JMeterThread: Thread finished: Thread Group 1-11
2020-04-06 20:19:26,235 INFO o.a.j.t.JMeterThread: Thread is done: Thread Group 1-19
2020-04-06 20:19:26,235 INFO o.a.j.t.JMeterThread: Thread finished: Thread Group 1-19
2020-04-06 20:19:26,250 INFO o.a.j.t.JMeterThread: Thread is done: Thread Group 1-12
2020-04-06 20:19:26,250 INFO o.a.j.t.JMeterThread: Thread finished: Thread Group 1-12
2020-04-06 20:19:26,346 INFO o.a.j.t.JMeterThread: Thread is done: Thread Group 1-18
2020-04-06 20:19:26,346 INFO o.a.j.t.JMeterThread: Thread finished: Thread Group 1-18
2020-04-06 20:19:26,393 INFO o.a.j.t.JMeterThread: Thread is done: Thread Group 1-3
2020-04-06 20:19:26,393 INFO o.a.j.t.JMeterThread: Thread finished: Thread Group 1-3
2020-04-06 20:19:26,412 INFO o.a.j.t.JMeterThread: Thread is done: Thread Group 1-15
2020-04-06 20:19:26,412 INFO o.a.j.t.JMeterThread: Thread finished: Thread Group 1-15
2020-04-06 20:19:26,455 INFO o.a.j.t.JMeterThread: Thread is done: Thread Group 1-22
2020-04-06 20:19:26,455 INFO o.a.j.t.JMeterThread: Thread is done: Thread Group 1-16
2020-04-06 20:19:26,455 INFO o.a.j.t.JMeterThread: Thread finished: Thread Group 1-22
2020-04-06 20:19:26,455 INFO o.a.j.t.JMeterThread: Thread finished: Thread Group 1-16
2020-04-06 20:19:26,503 INFO o.a.j.t.JMeterThread: Thread is done: Thread Group 1-9
2020-04-06 20:19:26,504 INFO o.a.j.t.JMeterThread: Thread finished: Thread Group 1-9
2020-04-06 20:19:26,552 INFO o.a.j.t.JMeterThread: Thread is done: Thread Group 1-5
2020-04-06 20:19:26,552 INFO o.a.j.t.JMeterThread: Thread finished: Thread Group 1-5
2020-04-06 20:19:26,565 INFO o.a.j.t.JMeterThread: Thread is done: Thread Group 1-24
2020-04-06 20:19:26,565 INFO o.a.j.t.JMeterThread: Thread finished: Thread Group 1-24
2020-04-06 20:19:26,653 INFO o.a.j.t.JMeterThread: Thread is done: Thread Group 1-13
2020-04-06 20:19:26,653 INFO o.a.j.t.JMeterThread: Thread finished: Thread Group 1-13
2020-04-06 20:19:26,728 INFO o.a.j.t.JMeterThread: Thread is done: Thread Group 1-23
2020-04-06 20:19:26,729 INFO o.a.j.t.JMeterThread: Thread finished: Thread Group 1-23
2020-04-06 20:19:27,411 INFO o.a.j.t.JMeterThread: Thread is done: Thread Group 1-20
2020-04-06 20:19:27,411 INFO o.a.j.t.JMeterThread: Thread finished: Thread Group 1-20
2020-04-06 20:19:27,411 INFO o.a.j.e.StandardJMeterEngine: Notifying test listeners of end of test
2020-04-06 20:19:27,411 INFO o.a.j.g.u.JMeterMenuBar: setRunning(false, *local*)
2020-04-06 20:19:45,365 INFO o.a.j.e.StandardJMeterEngine: Running the test!
2020-04-06 20:19:45,365 INFO o.a.j.s.SampleEvent: List of sample_variables: []
2020-04-06 20:19:45,366 INFO o.a.j.g.u.JMeterMenuBar: setRunning(true, *local*)
2020-04-06 20:19:45,479 INFO o.a.j.e.StandardJMeterEngine: Starting ThreadGroup: 1 : Thread Group
2020-04-06 20:19:45,480 INFO o.a.j.e.StandardJMeterEngine: Starting 25 threads for group Thread Group.
2020-04-06 20:19:45,480 INFO o.a.j.e.StandardJMeterEngine: Thread will continue on error
2020-04-06 20:19:45,480 INFO o.a.j.t.ThreadGroup: Starting thread group... number=1 threads=25 ramp-up=1 delayedStart=false
2020-04-06 20:19:45,480 INFO o.a.j.t.JMeterThread: Thread started: Thread Group 1-1
2020-04-06 20:19:45,484 INFO o.a.j.t.ThreadGroup: Started thread group number 1
2020-04-06 20:19:45,484 INFO o.a.j.e.StandardJMeterEngine: All thread groups have been started
2020-04-06 20:19:45,523 INFO o.a.j.t.JMeterThread: Thread started: Thread Group 1-2
2020-04-06 20:19:45,565 INFO o.a.j.t.JMeterThread: Thread started: Thread Group 1-3
2020-04-06 20:19:45,603 INFO o.a.j.t.JMeterThread: Thread started: Thread Group 1-4
2020-04-06 20:19:45,645 INFO o.a.j.t.JMeterThread: Thread started: Thread Group 1-5
2020-04-06 20:19:45,682 INFO o.a.j.t.JMeterThread: Thread started: Thread Group 1-6
2020-04-06 20:19:45,721 INFO o.a.j.t.JMeterThread: Thread started: Thread Group 1-7
2020-04-06 20:19:45,761 INFO o.a.j.t.JMeterThread: Thread started: Thread Group 1-8
2020-04-06 20:19:45,803 INFO o.a.j.t.JMeterThread: Thread started: Thread Group 1-9
2020-04-06 20:19:45,840 INFO o.a.j.t.JMeterThread: Thread started: Thread Group 1-10
2020-04-06 20:19:45,882 INFO o.a.j.t.JMeterThread: Thread started: Thread Group 1-11
2020-04-06 20:19:45,921 INFO o.a.j.t.JMeterThread: Thread started: Thread Group 1-12
2020-04-06 20:19:45,961 INFO o.a.j.t.JMeterThread: Thread started: Thread Group 1-13
2020-04-06 20:19:46,003 INFO o.a.j.t.JMeterThread: Thread started: Thread Group 1-14
2020-04-06 20:19:46,040 INFO o.a.j.t.JMeterThread: Thread started: Thread Group 1-15
2020-04-06 20:19:46,082 INFO o.a.j.t.JMeterThread: Thread started: Thread Group 1-16
2020-04-06 20:19:46,120 INFO o.a.j.t.JMeterThread: Thread started: Thread Group 1-17
2020-04-06 20:19:46,164 INFO o.a.j.t.JMeterThread: Thread started: Thread Group 1-18
2020-04-06 20:19:46,203 INFO o.a.j.t.JMeterThread: Thread started: Thread Group 1-19
2020-04-06 20:19:46,242 INFO o.a.j.t.JMeterThread: Thread started: Thread Group 1-20
2020-04-06 20:19:46,280 INFO o.a.j.t.JMeterThread: Thread started: Thread Group 1-21
2020-04-06 20:19:46,321 INFO o.a.j.t.JMeterThread: Thread started: Thread Group 1-22
2020-04-06 20:19:46,364 INFO o.a.j.t.JMeterThread: Thread started: Thread Group 1-23
2020-04-06 20:19:46,403 INFO o.a.j.t.JMeterThread: Thread started: Thread Group 1-24
2020-04-06 20:19:46,441 INFO o.a.j.t.JMeterThread: Thread started: Thread Group 1-25
2020-04-06 20:19:49,902 INFO o.a.j.t.JMeterThread: Thread is done: Thread Group 1-12
2020-04-06 20:19:49,903 INFO o.a.j.t.JMeterThread: Thread finished: Thread Group 1-12
2020-04-06 20:19:49,953 INFO o.a.j.t.JMeterThread: Thread is done: Thread Group 1-9
2020-04-06 20:19:49,954 INFO o.a.j.t.JMeterThread: Thread finished: Thread Group 1-9
2020-04-06 20:19:50,156 INFO o.a.j.t.JMeterThread: Thread is done: Thread Group 1-18
2020-04-06 20:19:50,157 INFO o.a.j.t.JMeterThread: Thread finished: Thread Group 1-18
2020-04-06 20:19:50,169 INFO o.a.j.t.JMeterThread: Thread is done: Thread Group 1-19
2020-04-06 20:19:50,169 INFO o.a.j.t.JMeterThread: Thread finished: Thread Group 1-19
2020-04-06 20:19:50,201 INFO o.a.j.t.JMeterThread: Thread is done: Thread Group 1-5
2020-04-06 20:19:50,201 INFO o.a.j.t.JMeterThread: Thread finished: Thread Group 1-5
2020-04-06 20:19:50,362 INFO o.a.j.t.JMeterThread: Thread is done: Thread Group 1-22
2020-04-06 20:19:50,363 INFO o.a.j.t.JMeterThread: Thread finished: Thread Group 1-22
2020-04-06 20:19:50,376 INFO o.a.j.t.JMeterThread: Thread is done: Thread Group 1-21
2020-04-06 20:19:50,376 INFO o.a.j.t.JMeterThread: Thread finished: Thread Group 1-21
2020-04-06 20:19:50,393 INFO o.a.j.t.JMeterThread: Thread is done: Thread Group 1-17
2020-04-06 20:19:50,393 INFO o.a.j.t.JMeterThread: Thread finished: Thread Group 1-17
2020-04-06 20:19:50,419 INFO o.a.j.t.JMeterThread: Thread is done: Thread Group 1-16
2020-04-06 20:19:50,419 INFO o.a.j.t.JMeterThread: Thread finished: Thread Group 1-16
2020-04-06 20:19:50,436 INFO o.a.j.t.JMeterThread: Thread is done: Thread Group 1-2
2020-04-06 20:19:50,436 INFO o.a.j.t.JMeterThread: Thread finished: Thread Group 1-2
2020-04-06 20:19:50,447 INFO o.a.j.t.JMeterThread: Thread is done: Thread Group 1-1
2020-04-06 20:19:50,447 INFO o.a.j.t.JMeterThread: Thread finished: Thread Group 1-1
2020-04-06 20:19:50,502 INFO o.a.j.t.JMeterThread: Thread is done: Thread Group 1-3
2020-04-06 20:19:50,502 INFO o.a.j.t.JMeterThread: Thread finished: Thread Group 1-3
2020-04-06 20:19:50,665 INFO o.a.j.t.JMeterThread: Thread is done: Thread Group 1-24
2020-04-06 20:19:50,665 INFO o.a.j.t.JMeterThread: Thread finished: Thread Group 1-24
2020-04-06 20:19:50,714 INFO o.a.j.t.JMeterThread: Thread is done: Thread Group 1-15
2020-04-06 20:19:50,714 INFO o.a.j.t.JMeterThread: Thread finished: Thread Group 1-15
2020-04-06 20:19:50,785 INFO o.a.j.t.JMeterThread: Thread is done: Thread Group 1-25
2020-04-06 20:19:50,785 INFO o.a.j.t.JMeterThread: Thread finished: Thread Group 1-25
2020-04-06 20:19:50,824 INFO o.a.j.t.JMeterThread: Thread is done: Thread Group 1-10
2020-04-06 20:19:50,825 INFO o.a.j.t.JMeterThread: Thread finished: Thread Group 1-10
2020-04-06 20:19:51,144 INFO o.a.j.t.JMeterThread: Thread is done: Thread Group 1-13
2020-04-06 20:19:51,144 INFO o.a.j.t.JMeterThread: Thread finished: Thread Group 1-13
2020-04-06 20:19:51,162 INFO o.a.j.t.JMeterThread: Thread is done: Thread Group 1-14
2020-04-06 20:19:51,163 INFO o.a.j.t.JMeterThread: Thread finished: Thread Group 1-14
2020-04-06 20:19:51,200 INFO o.a.j.t.JMeterThread: Thread is done: Thread Group 1-20
2020-04-06 20:19:51,200 INFO o.a.j.t.JMeterThread: Thread finished: Thread Group 1-20
2020-04-06 20:19:51,519 INFO o.a.j.t.JMeterThread: Thread is done: Thread Group 1-4
2020-04-06 20:19:51,519 INFO o.a.j.t.JMeterThread: Thread finished: Thread Group 1-4
2020-04-06 20:19:52,064 INFO o.a.j.t.JMeterThread: Thread is done: Thread Group 1-23
2020-04-06 20:19:52,064 INFO o.a.j.t.JMeterThread: Thread finished: Thread Group 1-23
2020-04-06 20:19:52,437 INFO o.a.j.t.JMeterThread: Thread is done: Thread Group 1-11
2020-04-06 20:19:52,437 INFO o.a.j.t.JMeterThread: Thread finished: Thread Group 1-11
2020-04-06 20:19:52,518 INFO o.a.j.t.JMeterThread: Thread is done: Thread Group 1-7
2020-04-06 20:19:52,518 INFO o.a.j.t.JMeterThread: Thread finished: Thread Group 1-7
2020-04-06 20:19:52,579 INFO o.a.j.t.JMeterThread: Thread is done: Thread Group 1-6
2020-04-06 20:19:52,579 INFO o.a.j.t.JMeterThread: Thread finished: Thread Group 1-6
2020-04-06 20:19:52,974 INFO o.a.j.t.JMeterThread: Thread is done: Thread Group 1-8
2020-04-06 20:19:52,974 INFO o.a.j.t.JMeterThread: Thread finished: Thread Group 1-8
2020-04-06 20:19:52,974 INFO o.a.j.e.StandardJMeterEngine: Notifying test listeners of end of test
2020-04-06 20:19:52,974 INFO o.a.j.g.u.JMeterMenuBar: setRunning(false, *local*)
2020-04-06 20:42:41,877 INFO o.a.j.e.StandardJMeterEngine: Running the test!
2020-04-06 20:42:41,878 INFO o.a.j.s.SampleEvent: List of sample_variables: []
2020-04-06 20:42:41,879 INFO o.a.j.g.u.JMeterMenuBar: setRunning(true, *local*)
2020-04-06 20:42:41,982 INFO o.a.j.e.StandardJMeterEngine: Starting ThreadGroup: 1 : Thread Group
2020-04-06 20:42:41,982 INFO o.a.j.e.StandardJMeterEngine: Starting 25 threads for group Thread Group.
2020-04-06 20:42:41,982 INFO o.a.j.e.StandardJMeterEngine: Thread will continue on error
2020-04-06 20:42:41,983 INFO o.a.j.t.ThreadGroup: Starting thread group... number=1 threads=25 ramp-up=1 delayedStart=false
2020-04-06 20:42:41,983 INFO o.a.j.t.JMeterThread: Thread started: Thread Group 1-1
2020-04-06 20:42:41,987 INFO o.a.j.t.ThreadGroup: Started thread group number 1
2020-04-06 20:42:41,987 INFO o.a.j.e.StandardJMeterEngine: All thread groups have been started
2020-04-06 20:42:42,023 INFO o.a.j.t.JMeterThread: Thread started: Thread Group 1-2
2020-04-06 20:42:42,064 INFO o.a.j.t.JMeterThread: Thread started: Thread Group 1-3
2020-04-06 20:42:42,108 INFO o.a.j.t.JMeterThread: Thread started: Thread Group 1-4
2020-04-06 20:42:42,146 INFO o.a.j.t.JMeterThread: Thread started: Thread Group 1-5
2020-04-06 20:42:42,183 INFO o.a.j.t.JMeterThread: Thread started: Thread Group 1-6
2020-04-06 20:42:42,227 INFO o.a.j.t.JMeterThread: Thread started: Thread Group 1-7
2020-04-06 20:42:42,264 INFO o.a.j.t.JMeterThread: Thread started: Thread Group 1-8
2020-04-06 20:42:42,304 INFO o.a.j.t.JMeterThread: Thread started: Thread Group 1-9
2020-04-06 20:42:42,346 INFO o.a.j.t.JMeterThread: Thread started: Thread Group 1-10
2020-04-06 20:42:42,385 INFO o.a.j.t.JMeterThread: Thread started: Thread Group 1-11
2020-04-06 20:42:42,423 INFO o.a.j.t.JMeterThread: Thread started: Thread Group 1-12
2020-04-06 20:42:42,465 INFO o.a.j.t.JMeterThread: Thread started: Thread Group 1-13
2020-04-06 20:42:42,508 INFO o.a.j.t.JMeterThread: Thread started: Thread Group 1-14
2020-04-06 20:42:42,546 INFO o.a.j.t.JMeterThread: Thread started: Thread Group 1-15
2020-04-06 20:42:42,585 INFO o.a.j.t.JMeterThread: Thread started: Thread Group 1-16
2020-04-06 20:42:42,624 INFO o.a.j.t.JMeterThread: Thread started: Thread Group 1-17
2020-04-06 20:42:42,664 INFO o.a.j.t.JMeterThread: Thread started: Thread Group 1-18
2020-04-06 20:42:42,704 INFO o.a.j.t.JMeterThread: Thread started: Thread Group 1-19
2020-04-06 20:42:42,746 INFO o.a.j.t.JMeterThread: Thread started: Thread Group 1-20
2020-04-06 20:42:42,785 INFO o.a.j.t.JMeterThread: Thread started: Thread Group 1-21
2020-04-06 20:42:42,826 INFO o.a.j.t.JMeterThread: Thread started: Thread Group 1-22
2020-04-06 20:42:42,864 INFO o.a.j.t.JMeterThread: Thread started: Thread Group 1-23
2020-04-06 20:42:42,904 INFO o.a.j.t.JMeterThread: Thread started: Thread Group 1-24
2020-04-06 20:42:42,946 INFO o.a.j.t.JMeterThread: Thread started: Thread Group 1-25
2020-04-06 20:42:51,711 INFO o.a.j.t.JMeterThread: Thread is done: Thread Group 1-15
2020-04-06 20:42:51,713 INFO o.a.j.t.JMeterThread: Thread finished: Thread Group 1-15
2020-04-06 20:42:51,917 INFO o.a.j.t.JMeterThread: Thread is done: Thread Group 1-2
2020-04-06 20:42:51,917 INFO o.a.j.t.JMeterThread: Thread finished: Thread Group 1-2
2020-04-06 20:42:52,103 INFO o.a.j.t.JMeterThread: Thread is done: Thread Group 1-20
2020-04-06 20:42:52,103 INFO o.a.j.t.JMeterThread: Thread finished: Thread Group 1-20
2020-04-06 20:42:52,245 INFO o.a.j.t.JMeterThread: Thread is done: Thread Group 1-25
2020-04-06 20:42:52,245 INFO o.a.j.t.JMeterThread: Thread finished: Thread Group 1-25
2020-04-06 20:42:52,581 INFO o.a.j.t.JMeterThread: Thread is done: Thread Group 1-7
2020-04-06 20:42:52,581 INFO o.a.j.t.JMeterThread: Thread finished: Thread Group 1-7
2020-04-06 20:42:52,671 INFO o.a.j.t.JMeterThread: Thread is done: Thread Group 1-11
2020-04-06 20:42:52,671 INFO o.a.j.t.JMeterThread: Thread finished: Thread Group 1-11
2020-04-06 20:42:52,736 INFO o.a.j.t.JMeterThread: Thread is done: Thread Group 1-21
2020-04-06 20:42:52,736 INFO o.a.j.t.JMeterThread: Thread finished: Thread Group 1-21
2020-04-06 20:42:53,158 INFO o.a.j.t.JMeterThread: Thread is done: Thread Group 1-6
2020-04-06 20:42:53,159 INFO o.a.j.t.JMeterThread: Thread finished: Thread Group 1-6
2020-04-06 20:42:53,164 INFO o.a.j.t.JMeterThread: Thread is done: Thread Group 1-4
2020-04-06 20:42:53,164 INFO o.a.j.t.JMeterThread: Thread finished: Thread Group 1-4
2020-04-06 20:42:53,516 INFO o.a.j.t.JMeterThread: Thread is done: Thread Group 1-10
2020-04-06 20:42:53,516 INFO o.a.j.t.JMeterThread: Thread finished: Thread Group 1-10
2020-04-06 20:42:53,572 INFO o.a.j.t.JMeterThread: Thread is done: Thread Group 1-12
2020-04-06 20:42:53,572 INFO o.a.j.t.JMeterThread: Thread finished: Thread Group 1-12
2020-04-06 20:42:53,617 INFO o.a.j.t.JMeterThread: Thread is done: Thread Group 1-3
2020-04-06 20:42:53,617 INFO o.a.j.t.JMeterThread: Thread finished: Thread Group 1-3
2020-04-06 20:42:53,668 INFO o.a.j.t.JMeterThread: Thread is done: Thread Group 1-1
2020-04-06 20:42:53,668 INFO o.a.j.t.JMeterThread: Thread finished: Thread Group 1-1
2020-04-06 20:42:53,698 INFO o.a.j.t.JMeterThread: Thread is done: Thread Group 1-17
2020-04-06 20:42:53,698 INFO o.a.j.t.JMeterThread: Thread finished: Thread Group 1-17
2020-04-06 20:42:53,837 INFO o.a.j.t.JMeterThread: Thread is done: Thread Group 1-23
2020-04-06 20:42:53,837 INFO o.a.j.t.JMeterThread: Thread finished: Thread Group 1-23
2020-04-06 20:42:53,902 INFO o.a.j.t.JMeterThread: Thread is done: Thread Group 1-5
2020-04-06 20:42:53,902 INFO o.a.j.t.JMeterThread: Thread finished: Thread Group 1-5
2020-04-06 20:42:54,164 INFO o.a.j.t.JMeterThread: Thread is done: Thread Group 1-16
2020-04-06 20:42:54,164 INFO o.a.j.t.JMeterThread: Thread finished: Thread Group 1-16
2020-04-06 20:42:54,240 INFO o.a.j.t.JMeterThread: Thread is done: Thread Group 1-24
2020-04-06 20:42:54,240 INFO o.a.j.t.JMeterThread: Thread is done: Thread Group 1-8
2020-04-06 20:42:54,241 INFO o.a.j.t.JMeterThread: Thread finished: Thread Group 1-24
2020-04-06 20:42:54,241 INFO o.a.j.t.JMeterThread: Thread finished: Thread Group 1-8
2020-04-06 20:42:54,474 INFO o.a.j.t.JMeterThread: Thread is done: Thread Group 1-22
2020-04-06 20:42:54,474 INFO o.a.j.t.JMeterThread: Thread finished: Thread Group 1-22
2020-04-06 20:42:54,492 INFO o.a.j.t.JMeterThread: Thread is done: Thread Group 1-13
2020-04-06 20:42:54,492 INFO o.a.j.t.JMeterThread: Thread finished: Thread Group 1-13
2020-04-06 20:42:54,724 INFO o.a.j.t.JMeterThread: Thread is done: Thread Group 1-19
2020-04-06 20:42:54,724 INFO o.a.j.t.JMeterThread: Thread is done: Thread Group 1-18
2020-04-06 20:42:54,724 INFO o.a.j.t.JMeterThread: Thread finished: Thread Group 1-19
2020-04-06 20:42:54,724 INFO o.a.j.t.JMeterThread: Thread finished: Thread Group 1-18
2020-04-06 20:42:54,844 INFO o.a.j.t.JMeterThread: Thread is done: Thread Group 1-14
2020-04-06 20:42:54,844 INFO o.a.j.t.JMeterThread: Thread finished: Thread Group 1-14
2020-04-06 20:42:55,415 INFO o.a.j.t.JMeterThread: Thread is done: Thread Group 1-9
2020-04-06 20:42:55,415 INFO o.a.j.t.JMeterThread: Thread finished: Thread Group 1-9
2020-04-06 20:42:55,416 INFO o.a.j.e.StandardJMeterEngine: Notifying test listeners of end of test
2020-04-06 20:42:55,416 INFO o.a.j.g.u.JMeterMenuBar: setRunning(false, *local*)
